<?xml version="1.0" encoding="UTF-8"?>
<testng-results ignored="0" total="3" passed="3" failed="0" skipped="0">
  <reporter-output>
    <line>
      <![CDATA[Cargando la web ------>]]>
    </line>
    <line>
      <![CDATA[Todo cargado.]]>
    </line>
    <line>
      <![CDATA[Productos: ]]>
    </line>
    <line>
      <![CDATA[Samsung galaxy s6]]>
    </line>
    <line>
      <![CDATA[Nokia lumia 1520]]>
    </line>
    <line>
      <![CDATA[Nexus 6]]>
    </line>
    <line>
      <![CDATA[Samsung galaxy s7]]>
    </line>
    <line>
      <![CDATA[Iphone 6 32gb]]>
    </line>
    <line>
      <![CDATA[Sony xperia z5]]>
    </line>
    <line>
      <![CDATA[HTC One M9]]>
    </line>
    <line>
      <![CDATA[Sony vaio i5]]>
    </line>
    <line>
      <![CDATA[Sony vaio i7
]]>
    </line>
    <line>
      <![CDATA[Número de productos: 9]]>
    </line>
    <line>
      <![CDATA[Detalle del producto: Samsung galaxy s7]]>
    </line>
    <line>
      <![CDATA[-----]]>
    </line>
    <line>
      <![CDATA[https://www.demoblaze.com/prod.html?idp_=4]]>
    </line>
    <line>
      <![CDATA[------]]>
    </line>
    <line>
      <![CDATA[Agregando producto al carrito de compra...]]>
    </line>
    <line>
      <![CDATA[Texto de alerta: Product added]]>
    </line>
    <line>
      <![CDATA[------------]]>
    </line>
    <line>
      <![CDATA[Detalle del producto:]]>
    </line>
    <line>
      <![CDATA[Nombre: Samsung galaxy s7]]>
    </line>
    <line>
      <![CDATA[Precio: $800 *includes tax]]>
    </line>
    <line>
      <![CDATA[Descripción: Product descriptionThe Samsung Galaxy S7 is powered by 1.6GHz octa-core it comes with 4GB 
of RAM. The phone packs 32GB of internal storage that can be expanded up
 to 200GB via a microSD card.]]>
    </line>
    <line>
      <![CDATA[------------]]>
    </line>
    <line>
      <![CDATA[Regresando a la página de inicio]]>
    </line>
    <line>
      <![CDATA[Detalle del producto: Samsung galaxy s7]]>
    </line>
    <line>
      <![CDATA[-----]]>
    </line>
    <line>
      <![CDATA[https://www.demoblaze.com/prod.html?idp_=4]]>
    </line>
    <line>
      <![CDATA[------]]>
    </line>
    <line>
      <![CDATA[Agregando producto al carrito de compra...]]>
    </line>
    <line>
      <![CDATA[Texto de alerta: Product added]]>
    </line>
    <line>
      <![CDATA[Abriendo detalle del carrrito]]>
    </line>
    <line>
      <![CDATA[Regresando a la página de inicio]]>
    </line>
    <line>
      <![CDATA[Detalle del producto: Samsung galaxy s6]]>
    </line>
    <line>
      <![CDATA[-----]]>
    </line>
    <line>
      <![CDATA[https://www.demoblaze.com/prod.html?idp_=1]]>
    </line>
    <line>
      <![CDATA[------]]>
    </line>
    <line>
      <![CDATA[Agregando producto al carrito de compra...]]>
    </line>
    <line>
      <![CDATA[Texto de alerta: Product added]]>
    </line>
    <line>
      <![CDATA[Regresando a la página de inicio]]>
    </line>
    <line>
      <![CDATA[Detalle del producto: Nokia lumia 1520]]>
    </line>
    <line>
      <![CDATA[-----]]>
    </line>
    <line>
      <![CDATA[https://www.demoblaze.com/prod.html?idp_=2]]>
    </line>
    <line>
      <![CDATA[------]]>
    </line>
    <line>
      <![CDATA[Agregando producto al carrito de compra...]]>
    </line>
    <line>
      <![CDATA[Texto de alerta: Product added]]>
    </line>
    <line>
      <![CDATA[Regresando a la página de inicio]]>
    </line>
    <line>
      <![CDATA[Abriendo detalle del carrrito]]>
    </line>
    <line>
      <![CDATA[ ]]>
    </line>
    <line>
      <![CDATA[ ]]>
    </line>
    <line>
      <![CDATA[ ]]>
    </line>
    <line>
      <![CDATA[ ]]>
    </line>
    <line>
      <![CDATA[ ]]>
    </line>
    <line>
      <![CDATA[Productos agregados: 2]]>
    </line>
    <line>
      <![CDATA[Detalle: ]]>
    </line>
    <line>
      <![CDATA[Imagen: https://www.demoblaze.com/imgs/galaxy_s6.jpg]]>
    </line>
    <line>
      <![CDATA[Titulo: Samsung galaxy s6]]>
    </line>
    <line>
      <![CDATA[Precio: 360]]>
    </line>
    <line>
      <![CDATA[Link: Delete]]>
    </line>
    <line>
      <![CDATA[ ]]>
    </line>
    <line>
      <![CDATA[ ]]>
    </line>
    <line>
      <![CDATA[Imagen: https://www.demoblaze.com/imgs/galaxy_s6.jpg]]>
    </line>
    <line>
      <![CDATA[Titulo: Samsung galaxy s7]]>
    </line>
    <line>
      <![CDATA[Precio: 800]]>
    </line>
    <line>
      <![CDATA[Link: Delete]]>
    </line>
    <line>
      <![CDATA[ ]]>
    </line>
    <line>
      <![CDATA[ ]]>
    </line>
    <line>
      <![CDATA[Total: 2780]]>
    </line>
    <line>
      <![CDATA[Activación de botón 'place order': true]]>
    </line>
  </reporter-output>
  <suite started-at="2023-06-26T13:43:59 CST" name="Suite" finished-at="2023-06-26T13:44:09 CST" duration-ms="10344">
    <groups>
    </groups>
    <test started-at="2023-06-26T13:43:59 CST" name="/Users/rebecaramirez/IdeaProjects/QAML-Selenium" finished-at="2023-06-26T13:44:09 CST" duration-ms="10344">
      <class name="TiendaTest">
        <test-method is-config="true" signature="Configuraciones()[pri:0, instance:TiendaTest@2a7b6f69]" started-at="2023-06-26T13:43:59 CST" name="Configuraciones" description="Configuracion para todos los test" finished-at="2023-06-26T13:44:01 CST" duration-ms="1704" status="PASS">
          <reporter-output>
            <line>
              <![CDATA[Cargando la web ------>]]>
            </line>
            <line>
              <![CDATA[Todo cargado.]]>
            </line>
            <line>
              <![CDATA[Productos: ]]>
            </line>
            <line>
              <![CDATA[Samsung galaxy s6]]>
            </line>
            <line>
              <![CDATA[Nokia lumia 1520]]>
            </line>
            <line>
              <![CDATA[Nexus 6]]>
            </line>
            <line>
              <![CDATA[Samsung galaxy s7]]>
            </line>
            <line>
              <![CDATA[Iphone 6 32gb]]>
            </line>
            <line>
              <![CDATA[Sony xperia z5]]>
            </line>
            <line>
              <![CDATA[HTC One M9]]>
            </line>
            <line>
              <![CDATA[Sony vaio i5]]>
            </line>
            <line>
              <![CDATA[Sony vaio i7
]]>
            </line>
            <line>
              <![CDATA[Número de productos: 9]]>
            </line>
          </reporter-output>
        </test-method> <!-- Configuraciones -->
        <test-method signature="Prueba___1()[pri:1, instance:TiendaTest@2a7b6f69]" started-at="2023-06-26T13:44:01 CST" name="Prueba___1" description="PRUEBA_1: Entranos al detalle del producto de la pagina inicial" finished-at="2023-06-26T13:44:02 CST" duration-ms="1914" status="PASS">
          <reporter-output>
            <line>
              <![CDATA[Detalle del producto: Samsung galaxy s7]]>
            </line>
            <line>
              <![CDATA[-----]]>
            </line>
            <line>
              <![CDATA[https://www.demoblaze.com/prod.html?idp_=4]]>
            </line>
            <line>
              <![CDATA[------]]>
            </line>
            <line>
              <![CDATA[Agregando producto al carrito de compra...]]>
            </line>
            <line>
              <![CDATA[Texto de alerta: Product added]]>
            </line>
            <line>
              <![CDATA[------------]]>
            </line>
            <line>
              <![CDATA[Detalle del producto:]]>
            </line>
            <line>
              <![CDATA[Nombre: Samsung galaxy s7]]>
            </line>
            <line>
              <![CDATA[Precio: $800 *includes tax]]>
            </line>
            <line>
              <![CDATA[Descripción: Product descriptionThe Samsung Galaxy S7 is powered by 1.6GHz octa-core it comes with 4GB 
of RAM. The phone packs 32GB of internal storage that can be expanded up
 to 200GB via a microSD card.]]>
            </line>
            <line>
              <![CDATA[------------]]>
            </line>
            <line>
              <![CDATA[Regresando a la página de inicio]]>
            </line>
          </reporter-output>
        </test-method> <!-- Prueba___1 -->
        <test-method signature="Prueba___2()[pri:2, instance:TiendaTest@2a7b6f69]" started-at="2023-06-26T13:44:02 CST" name="Prueba___2" description="PRUEBA_2: Agregamos al carrito y verificamos que este cargado en el carrito" finished-at="2023-06-26T13:44:05 CST" duration-ms="2129" status="PASS">
          <reporter-output>
            <line>
              <![CDATA[Detalle del producto: Samsung galaxy s7]]>
            </line>
            <line>
              <![CDATA[-----]]>
            </line>
            <line>
              <![CDATA[https://www.demoblaze.com/prod.html?idp_=4]]>
            </line>
            <line>
              <![CDATA[------]]>
            </line>
            <line>
              <![CDATA[Agregando producto al carrito de compra...]]>
            </line>
            <line>
              <![CDATA[Texto de alerta: Product added]]>
            </line>
            <line>
              <![CDATA[Abriendo detalle del carrrito]]>
            </line>
            <line>
              <![CDATA[Regresando a la página de inicio]]>
            </line>
          </reporter-output>
        </test-method> <!-- Prueba___2 -->
        <test-method signature="Prueba___3()[pri:3, instance:TiendaTest@2a7b6f69]" started-at="2023-06-26T13:44:05 CST" name="Prueba___3" description="PRUEBA_3: Agregamos al carrito un numero X de productos" finished-at="2023-06-26T13:44:09 CST" duration-ms="4283" status="PASS">
          <reporter-output>
            <line>
              <![CDATA[Detalle del producto: Samsung galaxy s6]]>
            </line>
            <line>
              <![CDATA[-----]]>
            </line>
            <line>
              <![CDATA[https://www.demoblaze.com/prod.html?idp_=1]]>
            </line>
            <line>
              <![CDATA[------]]>
            </line>
            <line>
              <![CDATA[Agregando producto al carrito de compra...]]>
            </line>
            <line>
              <![CDATA[Texto de alerta: Product added]]>
            </line>
            <line>
              <![CDATA[Regresando a la página de inicio]]>
            </line>
            <line>
              <![CDATA[Detalle del producto: Nokia lumia 1520]]>
            </line>
            <line>
              <![CDATA[-----]]>
            </line>
            <line>
              <![CDATA[https://www.demoblaze.com/prod.html?idp_=2]]>
            </line>
            <line>
              <![CDATA[------]]>
            </line>
            <line>
              <![CDATA[Agregando producto al carrito de compra...]]>
            </line>
            <line>
              <![CDATA[Texto de alerta: Product added]]>
            </line>
            <line>
              <![CDATA[Regresando a la página de inicio]]>
            </line>
            <line>
              <![CDATA[Abriendo detalle del carrrito]]>
            </line>
            <line>
              <![CDATA[ ]]>
            </line>
            <line>
              <![CDATA[ ]]>
            </line>
            <line>
              <![CDATA[ ]]>
            </line>
            <line>
              <![CDATA[ ]]>
            </line>
            <line>
              <![CDATA[ ]]>
            </line>
            <line>
              <![CDATA[Productos agregados: 2]]>
            </line>
            <line>
              <![CDATA[Detalle: ]]>
            </line>
            <line>
              <![CDATA[Imagen: https://www.demoblaze.com/imgs/galaxy_s6.jpg]]>
            </line>
            <line>
              <![CDATA[Titulo: Samsung galaxy s6]]>
            </line>
            <line>
              <![CDATA[Precio: 360]]>
            </line>
            <line>
              <![CDATA[Link: Delete]]>
            </line>
            <line>
              <![CDATA[ ]]>
            </line>
            <line>
              <![CDATA[ ]]>
            </line>
            <line>
              <![CDATA[Imagen: https://www.demoblaze.com/imgs/galaxy_s6.jpg]]>
            </line>
            <line>
              <![CDATA[Titulo: Samsung galaxy s7]]>
            </line>
            <line>
              <![CDATA[Precio: 800]]>
            </line>
            <line>
              <![CDATA[Link: Delete]]>
            </line>
            <line>
              <![CDATA[ ]]>
            </line>
            <line>
              <![CDATA[ ]]>
            </line>
            <line>
              <![CDATA[Total: 2780]]>
            </line>
            <line>
              <![CDATA[Activación de botón 'place order': true]]>
            </line>
          </reporter-output>
        </test-method> <!-- Prueba___3 -->
        <test-method is-config="true" signature="afterScenario()[pri:0, instance:TiendaTest@2a7b6f69]" started-at="2023-06-26T13:44:09 CST" name="afterScenario" description="Terminamos la prueba cerrando el navegador" finished-at="2023-06-26T13:44:09 CST" duration-ms="285" status="PASS">
          <reporter-output>
          </reporter-output>
        </test-method> <!-- afterScenario -->
      </class> <!-- TiendaTest -->
    </test> <!-- /Users/rebecaramirez/IdeaProjects/QAML-Selenium -->
  </suite> <!-- Suite -->
</testng-results>
